19:36:05.548 [main] INFO  org.testng.internal.Utils - [TestNG] Time taken by org.testng.reporters.jq.Main@4bff2185: 64 ms
19:36:05.571 [main] INFO  org.testng.internal.Utils - [TestNG] Time taken by org.testng.reporters.FailedReporter@22fba58c: 21 ms
19:36:05.582 [main] INFO  org.testng.internal.Utils - [TestNG] Time taken by org.testng.reporters.XMLReporter@37c5fc56: 10 ms
19:36:05.588 [main] INFO  org.testng.internal.Utils - [TestNG] Time taken by org.testng.reporters.EmailableReporter2@ff6077: 6 ms
19:36:05.593 [main] INFO  org.testng.internal.Utils - [TestNG] Time taken by org.testng.reporters.JUnitReportReporter@29be7749: 5 ms
19:36:05.594 [main] INFO  org.testng.internal.Utils - [TestNG] Time taken by org.testng.internal.ExitCodeListener@5f84abe8: 0 ms
19:36:09.706 [main] INFO  org.testng.internal.Utils - [TestNG] Running:
  C:\Practices on Eclipse\OpenCartV0.1\master.xml

19:36:24.545 [main] INFO  testCases.TC002_LoginValidation - *********TC_002Login_Test********
19:36:24.907 [main] INFO  testCases.TC002_LoginValidation - Login page opened and now we need to enter creds
19:36:25.812 [main] INFO  testCases.TC002_LoginValidation - *********Completed Test********
19:36:55.079 [main] INFO  org.testng.internal.Utils - [TestNG] Running:
  C:\Practices on Eclipse\OpenCartV0.1\master.xml

19:36:57.514 [main] INFO  testCases.TC002_LoginValidation - *********TC_002Login_Test********
19:36:57.891 [main] INFO  testCases.TC002_LoginValidation - Login page opened and now we need to enter creds
19:36:58.881 [main] INFO  testCases.TC002_LoginValidation - *********Completed Test********
19:37:28.638 [main] INFO  org.testng.internal.Utils - [TestNG] Running:
  C:\Practices on Eclipse\OpenCartV0.1\master.xml

19:37:30.969 [main] INFO  testCases.TC002_LoginValidation - *********TC_002Login_Test********
19:37:31.391 [main] INFO  testCases.TC002_LoginValidation - Login page opened and now we need to enter creds
19:37:32.336 [main] INFO  testCases.TC002_LoginValidation - *********Completed Test********
19:37:59.530 [main] INFO  org.testng.internal.Utils - [TestNG] Running:
  C:\Practices on Eclipse\OpenCartV0.1\master.xml

19:38:18.398 [main] INFO  org.testng.internal.Utils - [TestNG] Running:
  C:\Practices on Eclipse\OpenCartV0.1\master.xml

19:38:36.215 [main] INFO  org.testng.internal.Utils - [TestNG] Running:
  C:\Practices on Eclipse\OpenCartV0.1\master.xml

19:38:39.130 [main] INFO  testCases.TC003LoginTestDDT - **** Starting TC003LoginTestDDT *****
19:38:50.292 [main] INFO  testCases.TC003LoginTestDDT - **** Starting TC003LoginTestDDT *****
19:38:52.087 [main] INFO  testCases.TC003LoginTestDDT - **** Starting TC003LoginTestDDT *****
19:38:53.858 [main] INFO  testCases.TC003LoginTestDDT - **** Starting TC003LoginTestDDT *****
19:39:05.470 [main] INFO  testCases.TC003LoginTestDDT - **** Starting TC003LoginTestDDT *****
19:39:07.549 [main] INFO  testCases.TC003LoginTestDDT - **** Finished TC003LoginTestDDT *****
19:51:27.457 [main] INFO  org.testng.internal.Utils - [TestNG] Running:
  C:\Practices on Eclipse\OpenCartV0.1\master.xml

19:51:34.498 [main] INFO  testCases.TC003LoginTestDDT - **** Starting TC003LoginTestDDT *****
19:51:45.716 [main] INFO  testCases.TC003LoginTestDDT - **** Starting TC003LoginTestDDT *****
19:51:48.284 [main] INFO  testCases.TC003LoginTestDDT - **** Starting TC003LoginTestDDT *****
19:51:50.081 [main] INFO  testCases.TC003LoginTestDDT - **** Starting TC003LoginTestDDT *****
19:52:00.752 [main] INFO  testCases.TC003LoginTestDDT - **** Starting TC003LoginTestDDT *****
19:52:02.719 [main] INFO  testCases.TC003LoginTestDDT - **** Finished TC003LoginTestDDT *****
19:52:45.372 [main] INFO  org.testng.internal.Utils - [TestNG] Running:
  C:\Practices on Eclipse\OpenCartV0.1\master.xml

19:52:48.190 [main] INFO  testCases.TC003LoginTestDDT - **** Starting TC003LoginTestDDT *****
19:52:59.507 [main] INFO  testCases.TC003LoginTestDDT - **** Starting TC003LoginTestDDT *****
19:53:01.913 [main] INFO  testCases.TC003LoginTestDDT - **** Starting TC003LoginTestDDT *****
19:53:03.716 [main] INFO  testCases.TC003LoginTestDDT - **** Starting TC003LoginTestDDT *****
19:53:14.350 [main] INFO  testCases.TC003LoginTestDDT - **** Starting TC003LoginTestDDT *****
19:53:16.329 [main] INFO  testCases.TC003LoginTestDDT - **** Finished TC003LoginTestDDT *****
19:55:36.684 [main] INFO  org.testng.internal.Utils - [TestNG] Running:
  C:\Practices on Eclipse\OpenCartV0.1\master.xml

19:55:39.801 [main] INFO  testCases.TC003LoginTestDDT - **** Starting TC003LoginTestDDT *****
19:55:51.425 [main] INFO  testCases.TC003LoginTestDDT - **** Starting TC003LoginTestDDT *****
19:55:53.728 [main] INFO  testCases.TC003LoginTestDDT - **** Starting TC003LoginTestDDT *****
19:55:55.367 [main] INFO  testCases.TC003LoginTestDDT - **** Starting TC003LoginTestDDT *****
19:56:06.464 [main] INFO  testCases.TC003LoginTestDDT - **** Starting TC003LoginTestDDT *****
19:56:08.375 [main] INFO  testCases.TC003LoginTestDDT - **** Finished TC003LoginTestDDT *****
