11:09:05.316 [TestNG-tests-2] INFO  tetsCases.TC001_ValidateRegistration - this is for random number creation only..
11:09:05.332 [TestNG-tests-2] INFO  tetsCases.TC001_ValidateRegistration - Registration page is started and adding detail..
11:09:05.681 [TestNG-tests-1] INFO  tetsCases.TC001_ValidateRegistration - submit button clicked...
11:09:06.162 [TestNG-tests-2] INFO  tetsCases.TC001_ValidateRegistration - submit button clicked...
11:09:06.576 [TestNG-tests-1] INFO  tetsCases.TC001_ValidateRegistration - checking the assertions...
11:09:06.580 [TestNG-tests-1] INFO  tetsCases.TC001_ValidateRegistration - assertion passed..
11:09:06.938 [TestNG-tests-2] INFO  tetsCases.TC001_ValidateRegistration - checking the assertions...
11:09:06.938 [TestNG-tests-2] INFO  tetsCases.TC001_ValidateRegistration - assertion passed..
11:09:09.577 [TestNG-tests-3] INFO  tetsCases.TC001_ValidateRegistration - Home Page Test has been started..
11:09:09.578 [TestNG-tests-3] INFO  tetsCases.TC001_ValidateRegistration - clicked on my action option..
11:09:09.885 [TestNG-tests-3] INFO  tetsCases.TC001_ValidateRegistration - clicked on registration option..
11:09:10.470 [TestNG-tests-3] INFO  tetsCases.TC001_ValidateRegistration - this is for random number creation only..
11:09:10.470 [TestNG-tests-3] INFO  tetsCases.TC001_ValidateRegistration - Registration page is started and adding detail..
11:09:11.235 [TestNG-tests-3] INFO  tetsCases.TC001_ValidateRegistration - submit button clicked...
11:09:11.744 [TestNG-tests-3] INFO  tetsCases.TC001_ValidateRegistration - checking the assertions...
11:09:11.744 [TestNG-tests-3] INFO  tetsCases.TC001_ValidateRegistration - assertion passed..
11:10:29.842 [TestNG-tests-1] INFO  tetsCases.TC001_ValidateRegistration - Home Page Test has been started..
11:10:29.880 [TestNG-tests-1] INFO  tetsCases.TC001_ValidateRegistration - clicked on my action option..
11:10:30.356 [TestNG-tests-1] INFO  tetsCases.TC001_ValidateRegistration - clicked on registration option..
11:10:31.082 [TestNG-tests-1] INFO  tetsCases.TC001_ValidateRegistration - this is for random number creation only..
11:10:31.093 [TestNG-tests-1] INFO  tetsCases.TC001_ValidateRegistration - Registration page is started and adding detail..
11:10:32.240 [TestNG-tests-2] INFO  tetsCases.TC001_ValidateRegistration - Home Page Test has been started..
11:10:32.240 [TestNG-tests-2] INFO  tetsCases.TC001_ValidateRegistration - clicked on my action option..
11:10:32.508 [TestNG-tests-2] INFO  tetsCases.TC001_ValidateRegistration - clicked on registration option..
11:10:32.952 [TestNG-tests-1] INFO  tetsCases.TC001_ValidateRegistration - submit button clicked...
11:10:33.509 [TestNG-tests-2] INFO  tetsCases.TC001_ValidateRegistration - this is for random number creation only..
11:10:33.513 [TestNG-tests-2] INFO  tetsCases.TC001_ValidateRegistration - Registration page is started and adding detail..
11:10:34.172 [TestNG-tests-1] INFO  tetsCases.TC001_ValidateRegistration - checking the assertions...
11:10:34.187 [TestNG-tests-1] INFO  tetsCases.TC001_ValidateRegistration - assertion passed..
11:10:34.437 [TestNG-tests-2] INFO  tetsCases.TC001_ValidateRegistration - submit button clicked...
11:10:34.951 [TestNG-tests-2] INFO  tetsCases.TC001_ValidateRegistration - checking the assertions...
11:10:34.951 [TestNG-tests-2] INFO  tetsCases.TC001_ValidateRegistration - assertion passed..
11:10:36.985 [TestNG-tests-3] INFO  tetsCases.TC001_ValidateRegistration - Home Page Test has been started..
11:10:36.986 [TestNG-tests-3] INFO  tetsCases.TC001_ValidateRegistration - clicked on my action option..
11:10:37.267 [TestNG-tests-3] INFO  tetsCases.TC001_ValidateRegistration - clicked on registration option..
11:10:37.760 [TestNG-tests-3] INFO  tetsCases.TC001_ValidateRegistration - this is for random number creation only..
11:10:37.760 [TestNG-tests-3] INFO  tetsCases.TC001_ValidateRegistration - Registration page is started and adding detail..
11:10:38.462 [TestNG-tests-3] INFO  tetsCases.TC001_ValidateRegistration - submit button clicked...
11:10:38.978 [TestNG-tests-3] INFO  tetsCases.TC001_ValidateRegistration - checking the assertions...
11:10:38.978 [TestNG-tests-3] INFO  tetsCases.TC001_ValidateRegistration - assertion passed..
11:13:19.796 [TestNG-tests-2] INFO  tetsCases.TC001_ValidateRegistration - Home Page Test has been started..
11:13:19.933 [TestNG-tests-2] INFO  tetsCases.TC001_ValidateRegistration - clicked on my action option..
11:13:20.587 [TestNG-tests-2] INFO  tetsCases.TC001_ValidateRegistration - clicked on registration option..
11:13:20.929 [TestNG-tests-1] INFO  tetsCases.TC001_ValidateRegistration - Home Page Test has been started..
11:13:20.930 [TestNG-tests-1] INFO  tetsCases.TC001_ValidateRegistration - clicked on my action option..
11:13:21.431 [TestNG-tests-2] INFO  tetsCases.TC001_ValidateRegistration - this is for random number creation only..
11:13:21.451 [TestNG-tests-2] INFO  tetsCases.TC001_ValidateRegistration - Registration page is started and adding detail..
