00:19:20.132 [main] INFO  org.testng.internal.Utils - [Utils] MethodGroupsHelper.sortMethods() took 0 ms.
00:19:20.137 [main] INFO  org.testng.internal.Utils - [Utils] MethodGroupsHelper.collectMethodsByGroup() took 0 ms.
00:19:20.137 [main] INFO  org.testng.internal.Utils - [Utils] MethodGroupsHelper.sortMethods() took 0 ms.
00:19:20.137 [main] INFO  org.testng.internal.Utils - [Utils] MethodGroupsHelper.collectMethodsByGroup() took 0 ms.
00:19:20.137 [main] INFO  org.testng.internal.Utils - [Utils] MethodGroupsHelper.sortMethods() took 0 ms.
00:19:20.138 [main] INFO  org.testng.internal.Utils - [Utils] MethodGroupsHelper.collectMethodsByGroup() took 0 ms.
00:19:20.143 [main] INFO  org.testng.internal.Utils - [Utils] MethodGroupsHelper.sortMethods() took 0 ms.
00:19:20.144 [main] INFO  org.testng.internal.Utils - [Utils] MethodGroupsHelper.collectMethodsByGroup() took 0 ms.
00:19:20.144 [main] INFO  org.testng.internal.Utils - [Utils] MethodGroupsHelper.sortMethods() took 0 ms.
00:19:20.144 [main] INFO  org.testng.internal.Utils - [Utils] MethodGroupsHelper.collectMethodsByGroup() took 0 ms.
00:19:20.144 [main] INFO  org.testng.internal.Utils - [Utils] MethodGroupsHelper.sortMethods() took 0 ms.
00:19:20.148 [main] INFO  org.testng.internal.Utils - [TestNG] Running:
  C:\Users\ganes\AppData\Local\Temp\testng-eclipse--1004908906\testng-customsuite.xml

00:19:20.165 [main] INFO  org.testng.internal.Utils - [Utils] DynamicGraphHelper.createDynamicGraph() took 4 ms.
00:19:20.362 [main] INFO  org.testng.internal.Utils - [TestNG] Time taken by org.testng.reporters.jq.Main@476b0ae6: 70 ms
00:19:20.379 [main] INFO  org.testng.internal.Utils - [TestNG] Time taken by org.testng.reporters.FailedReporter@320de594: 17 ms
00:19:20.392 [main] INFO  org.testng.internal.Utils - [TestNG] Time taken by org.testng.reporters.XMLReporter@2a8d39c4: 13 ms
00:19:20.401 [main] INFO  org.testng.internal.Utils - [TestNG] Time taken by org.testng.reporters.EmailableReporter2@75390459: 8 ms
00:19:20.411 [main] INFO  org.testng.internal.Utils - [TestNG] Time taken by org.testng.reporters.JUnitReportReporter@52045dbe: 10 ms
00:19:20.411 [main] INFO  org.testng.internal.Utils - [TestNG] Time taken by org.testng.internal.ExitCodeListener@674658f7: 0 ms
00:19:24.585 [main] INFO  org.testng.internal.Utils - [TestNG] Running:
  C:\Practices on Eclipse\OpenCartV0.1\groups.xml

00:19:26.798 [main] INFO  testCases.TC001_ValidateRegistration - Home Page Test has been started..
00:19:26.811 [main] INFO  testCases.TC001_ValidateRegistration - clicked on my action option..
00:19:27.022 [main] INFO  testCases.TC001_ValidateRegistration - clicked on registration option..
00:19:27.397 [main] INFO  testCases.TC001_ValidateRegistration - this is for random number creation only..
00:19:27.402 [main] INFO  testCases.TC001_ValidateRegistration - Registration page is started and adding detail..
00:19:27.871 [main] INFO  testCases.TC001_ValidateRegistration - submit button clicked...
00:19:28.305 [main] INFO  testCases.TC001_ValidateRegistration - checking the assertions...
00:19:28.306 [main] INFO  testCases.TC001_ValidateRegistration - assertion passed..
12:40:03.021 [main] INFO  org.testng.internal.Utils - [TestNG] Running:
  C:\Practices on Eclipse\OpenCartV0.1\master.xml

12:41:14.792 [main] INFO  org.testng.internal.Utils - [TestNG] Running:
  C:\Practices on Eclipse\OpenCartV0.1\master.xml

12:41:37.580 [main] INFO  testCases.TC003LoginTestDDT - **** Starting TC003LoginTestDDT *****
12:41:49.875 [main] INFO  testCases.TC003LoginTestDDT - **** Starting TC003LoginTestDDT *****
12:41:56.122 [main] INFO  testCases.TC003LoginTestDDT - **** Finished TC003LoginTestDDT *****
12:41:56.137 [main] INFO  testCases.TC003LoginTestDDT - **** Starting TC003LoginTestDDT *****
12:42:00.207 [main] INFO  testCases.TC003LoginTestDDT - **** Finished TC003LoginTestDDT *****
12:42:00.224 [main] INFO  testCases.TC003LoginTestDDT - **** Starting TC003LoginTestDDT *****
12:42:12.012 [main] INFO  testCases.TC003LoginTestDDT - **** Starting TC003LoginTestDDT *****
12:42:15.462 [main] INFO  testCases.TC003LoginTestDDT - **** Finished TC003LoginTestDDT *****
12:42:15.472 [main] INFO  testCases.TC003LoginTestDDT - **** Starting TC003LoginTestDDT *****
12:42:19.952 [main] INFO  testCases.TC003LoginTestDDT - **** Finished TC003LoginTestDDT *****
12:44:24.703 [main] INFO  org.testng.internal.Utils - [TestNG] Running:
  C:\Practices on Eclipse\OpenCartV0.1\master.xml

12:44:39.475 [main] INFO  testCases.TC003LoginTestDDT - **** Starting TC003LoginTestDDT *****
12:44:52.326 [main] INFO  testCases.TC003LoginTestDDT - **** Starting TC003LoginTestDDT *****
12:44:56.249 [main] INFO  testCases.TC003LoginTestDDT - **** Finished TC003LoginTestDDT *****
12:44:56.275 [main] INFO  testCases.TC003LoginTestDDT - **** Starting TC003LoginTestDDT *****
12:44:59.249 [main] INFO  testCases.TC003LoginTestDDT - **** Finished TC003LoginTestDDT *****
12:44:59.259 [main] INFO  testCases.TC003LoginTestDDT - **** Starting TC003LoginTestDDT *****
